<?xml version="1.0" encoding="UTF-8"?>
<testsuite name="org.generation.app.Sp3EcommerceApplicationTests" tests="1" skipped="0" failures="0" errors="0" timestamp="2024-01-17T18:17:25" hostname="DESKTOP-0B7HTA6" time="0.373">
  <properties/>
  <testcase name="contextLoads()" classname="org.generation.app.Sp3EcommerceApplicationTests" time="0.373"/>
  <system-out><![CDATA[12:17:20.459 [Test worker] INFO org.springframework.test.context.support.AnnotationConfigContextLoaderUtils -- Could not detect default configuration classes for test class [org.generation.app.Sp3EcommerceApplicationTests]: Sp3EcommerceApplicationTests does not declare any static, non-private, non-final, nested classes annotated with @Configuration.
12:17:20.553 [Test worker] INFO org.springframework.boot.test.context.SpringBootTestContextBootstrapper -- Found @SpringBootConfiguration org.generation.app.Sp3EcommerceApplication for test class org.generation.app.Sp3EcommerceApplicationTests

  .   ____          _            __ _ _
 /\\ / ___'_ __ _ _(_)_ __  __ _ \ \ \ \
( ( )\___ | '_ | '_| | '_ \/ _` | \ \ \ \
 \\/  ___)| |_)| | | | | || (_| |  ) ) ) )
  '  |____| .__|_| |_|_| |_\__, | / / / /
 =========|_|==============|___/=/_/_/_/
 :: Spring Boot ::                (v3.2.1)

2024-01-17T12:17:20.923-06:00  WARN 9676 --- [    Test worker] ory$DuplicateJsonObjectContextCustomizer : 

Found multiple occurrences of org.json.JSONObject on the class path:

	jar:file:/C:/Users/ricar/.gradle/caches/modules-2/files-2.1/org.json/json/20231013/e22e0c040fe16f04ffdb85d851d77b07fc05ea52/json-20231013.jar!/org/json/JSONObject.class
	jar:file:/C:/Users/ricar/.gradle/caches/modules-2/files-2.1/com.vaadin.external.google/android-json/0.0.20131108.vaadin1/fa26d351fe62a6a17f5cda1287c1c6110dec413f/android-json-0.0.20131108.vaadin1.jar!/org/json/JSONObject.class

You may wish to exclude one of them to ensure predictable runtime behavior

2024-01-17T12:17:20.935-06:00  INFO 9676 --- [    Test worker] o.g.app.Sp3EcommerceApplicationTests     : Starting Sp3EcommerceApplicationTests using Java 17.0.9 with PID 9676 (started by ricar in C:\Users\ricar\OneDrive\Desktop\Nueva carpeta\ch34-sesiones-generation\java\eclipse\sp3_ecommerce)
2024-01-17T12:17:20.936-06:00  INFO 9676 --- [    Test worker] o.g.app.Sp3EcommerceApplicationTests     : The following 1 profile is active: "${profile}"
2024-01-17T12:17:21.658-06:00  INFO 9676 --- [    Test worker] .s.d.r.c.RepositoryConfigurationDelegate : Bootstrapping Spring Data JPA repositories in DEFAULT mode.
2024-01-17T12:17:21.747-06:00  INFO 9676 --- [    Test worker] .s.d.r.c.RepositoryConfigurationDelegate : Finished Spring Data repository scanning in 75 ms. Found 5 JPA repository interfaces.
2024-01-17T12:17:22.221-06:00  INFO 9676 --- [    Test worker] com.zaxxer.hikari.HikariDataSource       : HikariPool-1 - Starting...
2024-01-17T12:17:22.441-06:00  INFO 9676 --- [    Test worker] com.zaxxer.hikari.pool.HikariPool        : HikariPool-1 - Added connection conn0: url=jdbc:h2:mem:f7338aab-d302-4399-a3c2-0cb3b82acaa9 user=SA
2024-01-17T12:17:22.442-06:00  INFO 9676 --- [    Test worker] com.zaxxer.hikari.HikariDataSource       : HikariPool-1 - Start completed.
2024-01-17T12:17:22.490-06:00  INFO 9676 --- [    Test worker] o.hibernate.jpa.internal.util.LogHelper  : HHH000204: Processing PersistenceUnitInfo [name: default]
2024-01-17T12:17:22.563-06:00  INFO 9676 --- [    Test worker] org.hibernate.Version                    : HHH000412: Hibernate ORM core version 6.4.1.Final
2024-01-17T12:17:22.605-06:00  INFO 9676 --- [    Test worker] o.h.c.internal.RegionFactoryInitiator    : HHH000026: Second-level cache disabled
2024-01-17T12:17:22.826-06:00  INFO 9676 --- [    Test worker] o.s.o.j.p.SpringPersistenceUnitInfo      : No LoadTimeWeaver setup: ignoring JPA class transformer
2024-01-17T12:17:23.771-06:00  INFO 9676 --- [    Test worker] o.h.e.t.j.p.i.JtaPlatformInitiator       : HHH000489: No JTA platform available (set 'hibernate.transaction.jta.platform' to enable JTA platform integration)
2024-01-17T12:17:23.789-06:00 DEBUG 9676 --- [    Test worker] org.hibernate.SQL                        : 
    drop table if exists order_has_product cascade 
2024-01-17T12:17:23.792-06:00 DEBUG 9676 --- [    Test worker] org.hibernate.SQL                        : 
    drop table if exists product_order cascade 
2024-01-17T12:17:23.792-06:00 DEBUG 9676 --- [    Test worker] org.hibernate.SQL                        : 
    drop table if exists productos cascade 
2024-01-17T12:17:23.792-06:00 DEBUG 9676 --- [    Test worker] org.hibernate.SQL                        : 
    drop table if exists role cascade 
2024-01-17T12:17:23.793-06:00 DEBUG 9676 --- [    Test worker] org.hibernate.SQL                        : 
    drop table if exists usuarios cascade 
2024-01-17T12:17:23.796-06:00 DEBUG 9676 --- [    Test worker] org.hibernate.SQL                        : 
    create table order_has_product (
        quantity integer,
        order_id bigint not null,
        product_id bigint not null,
        primary key (order_id, product_id)
    )
2024-01-17T12:17:23.801-06:00 DEBUG 9676 --- [    Test worker] org.hibernate.SQL                        : 
    create table product_order (
        monto_total float(53),
        fecha_compra timestamp(6),
        fk_user_id bigint not null,
        id bigint generated by default as identity,
        primary key (id)
    )
2024-01-17T12:17:23.804-06:00 DEBUG 9676 --- [    Test worker] org.hibernate.SQL                        : 
    create table productos (
        precio float(53),
        id bigint generated by default as identity,
        nombre varchar(70) not null,
        primary key (id)
    )
2024-01-17T12:17:23.805-06:00 DEBUG 9676 --- [    Test worker] org.hibernate.SQL                        : 
    create table role (
        id_rol bigint generated by default as identity,
        descripcion varchar(70),
        nombre_rol varchar(70) not null,
        primary key (id_rol)
    )
2024-01-17T12:17:23.807-06:00 DEBUG 9676 --- [    Test worker] org.hibernate.SQL                        : 
    create table usuarios (
        activo boolean,
        fecha_nacimiento timestamp(6),
        fk_role bigint not null,
        id bigint generated by default as identity,
        apellido varchar(70) not null,
        nombre varchar(70) not null,
        email varchar(100) not null unique,
        password varchar(150) not null,
        primary key (id)
    )
2024-01-17T12:17:23.809-06:00 DEBUG 9676 --- [    Test worker] org.hibernate.SQL                        : 
    alter table if exists order_has_product 
       add constraint FKb2ameb29ljo9v6lio7hfyb78e 
       foreign key (order_id) 
       references product_order
2024-01-17T12:17:23.819-06:00 DEBUG 9676 --- [    Test worker] org.hibernate.SQL                        : 
    alter table if exists order_has_product 
       add constraint FKihkcew7yf7k4lfrbyyuu1ma6p 
       foreign key (product_id) 
       references productos
2024-01-17T12:17:23.820-06:00 DEBUG 9676 --- [    Test worker] org.hibernate.SQL                        : 
    alter table if exists product_order 
       add constraint FK1lyaxdk4dopw38wma862eytrq 
       foreign key (fk_user_id) 
       references usuarios
2024-01-17T12:17:23.820-06:00 DEBUG 9676 --- [    Test worker] org.hibernate.SQL                        : 
    alter table if exists usuarios 
       add constraint FKlf6uycoq9td3bgl4lj8rpajma 
       foreign key (fk_role) 
       references role
2024-01-17T12:17:23.825-06:00  INFO 9676 --- [    Test worker] j.LocalContainerEntityManagerFactoryBean : Initialized JPA EntityManagerFactory for persistence unit 'default'
2024-01-17T12:17:24.351-06:00  WARN 9676 --- [    Test worker] JpaBaseConfiguration$JpaWebConfiguration : spring.jpa.open-in-view is enabled by default. Therefore, database queries may be performed during view rendering. Explicitly configure spring.jpa.open-in-view to disable this warning
2024-01-17T12:17:24.486-06:00  INFO 9676 --- [    Test worker] o.s.b.a.w.s.WelcomePageHandlerMapping    : Adding welcome page: class path resource [static/index.html]
2024-01-17T12:17:24.764-06:00  INFO 9676 --- [    Test worker] o.s.s.web.DefaultSecurityFilterChain     : Will secure any request with [org.springframework.security.web.session.DisableEncodeUrlFilter@674c01ce, org.springframework.security.web.context.request.async.WebAsyncManagerIntegrationFilter@4b8ba6b7, org.springframework.security.web.context.SecurityContextHolderFilter@40dcbf7, org.springframework.security.web.header.HeaderWriterFilter@752e50c6, org.springframework.web.filter.CorsFilter@509e0253, org.springframework.security.web.authentication.logout.LogoutFilter@2fb40e49, org.generation.app.security.jwt.JWTAuthorizationFilter@25093079, org.generation.app.security.jwt.JWTAuthenticationFilter@6c8f5262, org.springframework.security.web.authentication.www.BasicAuthenticationFilter@66694050, org.springframework.security.web.savedrequest.RequestCacheAwareFilter@19565b5, org.springframework.security.web.servletapi.SecurityContextHolderAwareRequestFilter@2ac7c683, org.springframework.security.web.authentication.AnonymousAuthenticationFilter@6bca6c4c, org.springframework.security.web.session.SessionManagementFilter@5bd191c2, org.springframework.security.web.access.ExceptionTranslationFilter@4b477121, org.springframework.security.web.access.intercept.AuthorizationFilter@33293b34]
2024-01-17T12:17:25.117-06:00  INFO 9676 --- [    Test worker] o.g.app.Sp3EcommerceApplicationTests     : Started Sp3EcommerceApplicationTests in 4.408 seconds (process running for 5.444)
]]></system-out>
  <system-err><![CDATA[]]></system-err>
</testsuite>
