<?xml version="1.0" encoding="UTF-8"?>
<testsuite name="org.generation.app.Sp3EcommerceApplicationTests" tests="1" skipped="0" failures="0" errors="0" timestamp="2024-01-17T18:44:38" hostname="DESKTOP-0B7HTA6" time="0.358">
  <properties/>
  <testcase name="contextLoads()" classname="org.generation.app.Sp3EcommerceApplicationTests" time="0.358"/>
  <system-out><![CDATA[12:44:33.588 [Test worker] INFO org.springframework.test.context.support.AnnotationConfigContextLoaderUtils -- Could not detect default configuration classes for test class [org.generation.app.Sp3EcommerceApplicationTests]: Sp3EcommerceApplicationTests does not declare any static, non-private, non-final, nested classes annotated with @Configuration.
12:44:33.687 [Test worker] INFO org.springframework.boot.test.context.SpringBootTestContextBootstrapper -- Found @SpringBootConfiguration org.generation.app.Sp3EcommerceApplication for test class org.generation.app.Sp3EcommerceApplicationTests

  .   ____          _            __ _ _
 /\\ / ___'_ __ _ _(_)_ __  __ _ \ \ \ \
( ( )\___ | '_ | '_| | '_ \/ _` | \ \ \ \
 \\/  ___)| |_)| | | | | || (_| |  ) ) ) )
  '  |____| .__|_| |_|_| |_\__, | / / / /
 =========|_|==============|___/=/_/_/_/
 :: Spring Boot ::                (v3.2.1)

2024-01-17T12:44:34.072-06:00  WARN 19132 --- [    Test worker] ory$DuplicateJsonObjectContextCustomizer : 

Found multiple occurrences of org.json.JSONObject on the class path:

	jar:file:/C:/Users/ricar/.gradle/caches/modules-2/files-2.1/org.json/json/20231013/e22e0c040fe16f04ffdb85d851d77b07fc05ea52/json-20231013.jar!/org/json/JSONObject.class
	jar:file:/C:/Users/ricar/.gradle/caches/modules-2/files-2.1/com.vaadin.external.google/android-json/0.0.20131108.vaadin1/fa26d351fe62a6a17f5cda1287c1c6110dec413f/android-json-0.0.20131108.vaadin1.jar!/org/json/JSONObject.class

You may wish to exclude one of them to ensure predictable runtime behavior

2024-01-17T12:44:34.083-06:00  INFO 19132 --- [    Test worker] o.g.app.Sp3EcommerceApplicationTests     : Starting Sp3EcommerceApplicationTests using Java 17.0.9 with PID 19132 (started by ricar in C:\Users\ricar\OneDrive\Desktop\Nueva carpeta\ch34-sesiones-generation\java\eclipse\sp3_ecommerce)
2024-01-17T12:44:34.084-06:00  INFO 19132 --- [    Test worker] o.g.app.Sp3EcommerceApplicationTests     : The following 1 profile is active: "${profile}"
2024-01-17T12:44:34.797-06:00  INFO 19132 --- [    Test worker] .s.d.r.c.RepositoryConfigurationDelegate : Bootstrapping Spring Data JPA repositories in DEFAULT mode.
2024-01-17T12:44:34.871-06:00  INFO 19132 --- [    Test worker] .s.d.r.c.RepositoryConfigurationDelegate : Finished Spring Data repository scanning in 66 ms. Found 5 JPA repository interfaces.
2024-01-17T12:44:35.315-06:00  INFO 19132 --- [    Test worker] com.zaxxer.hikari.HikariDataSource       : HikariPool-1 - Starting...
2024-01-17T12:44:35.519-06:00  INFO 19132 --- [    Test worker] com.zaxxer.hikari.pool.HikariPool        : HikariPool-1 - Added connection conn0: url=jdbc:h2:mem:83a611b9-58bb-458c-a2f5-f74d87816fac user=SA
2024-01-17T12:44:35.521-06:00  INFO 19132 --- [    Test worker] com.zaxxer.hikari.HikariDataSource       : HikariPool-1 - Start completed.
2024-01-17T12:44:35.565-06:00  INFO 19132 --- [    Test worker] o.hibernate.jpa.internal.util.LogHelper  : HHH000204: Processing PersistenceUnitInfo [name: default]
2024-01-17T12:44:35.631-06:00  INFO 19132 --- [    Test worker] org.hibernate.Version                    : HHH000412: Hibernate ORM core version 6.4.1.Final
2024-01-17T12:44:35.672-06:00  INFO 19132 --- [    Test worker] o.h.c.internal.RegionFactoryInitiator    : HHH000026: Second-level cache disabled
2024-01-17T12:44:35.891-06:00  INFO 19132 --- [    Test worker] o.s.o.j.p.SpringPersistenceUnitInfo      : No LoadTimeWeaver setup: ignoring JPA class transformer
2024-01-17T12:44:36.839-06:00  INFO 19132 --- [    Test worker] o.h.e.t.j.p.i.JtaPlatformInitiator       : HHH000489: No JTA platform available (set 'hibernate.transaction.jta.platform' to enable JTA platform integration)
2024-01-17T12:44:36.858-06:00 DEBUG 19132 --- [    Test worker] org.hibernate.SQL                        : 
    drop table if exists order_has_product cascade 
2024-01-17T12:44:36.862-06:00 DEBUG 19132 --- [    Test worker] org.hibernate.SQL                        : 
    drop table if exists product_order cascade 
2024-01-17T12:44:36.862-06:00 DEBUG 19132 --- [    Test worker] org.hibernate.SQL                        : 
    drop table if exists productos cascade 
2024-01-17T12:44:36.863-06:00 DEBUG 19132 --- [    Test worker] org.hibernate.SQL                        : 
    drop table if exists role cascade 
2024-01-17T12:44:36.863-06:00 DEBUG 19132 --- [    Test worker] org.hibernate.SQL                        : 
    drop table if exists usuarios cascade 
2024-01-17T12:44:36.867-06:00 DEBUG 19132 --- [    Test worker] org.hibernate.SQL                        : 
    create table order_has_product (
        quantity integer,
        order_id bigint not null,
        product_id bigint not null,
        primary key (order_id, product_id)
    )
2024-01-17T12:44:36.871-06:00 DEBUG 19132 --- [    Test worker] org.hibernate.SQL                        : 
    create table product_order (
        monto_total float(53),
        fecha_compra timestamp(6),
        fk_user_id bigint not null,
        id bigint generated by default as identity,
        primary key (id)
    )
2024-01-17T12:44:36.874-06:00 DEBUG 19132 --- [    Test worker] org.hibernate.SQL                        : 
    create table productos (
        precio float(53),
        id bigint generated by default as identity,
        nombre varchar(70) not null,
        primary key (id)
    )
2024-01-17T12:44:36.875-06:00 DEBUG 19132 --- [    Test worker] org.hibernate.SQL                        : 
    create table role (
        id_rol bigint generated by default as identity,
        descripcion varchar(70),
        nombre_rol varchar(70) not null,
        primary key (id_rol)
    )
2024-01-17T12:44:36.877-06:00 DEBUG 19132 --- [    Test worker] org.hibernate.SQL                        : 
    create table usuarios (
        activo boolean,
        fecha_nacimiento timestamp(6),
        fk_role bigint not null,
        id bigint generated by default as identity,
        apellido varchar(70) not null,
        nombre varchar(70) not null,
        email varchar(100) not null unique,
        password varchar(150) not null,
        primary key (id)
    )
2024-01-17T12:44:36.879-06:00 DEBUG 19132 --- [    Test worker] org.hibernate.SQL                        : 
    alter table if exists order_has_product 
       add constraint FKb2ameb29ljo9v6lio7hfyb78e 
       foreign key (order_id) 
       references product_order
2024-01-17T12:44:36.891-06:00 DEBUG 19132 --- [    Test worker] org.hibernate.SQL                        : 
    alter table if exists order_has_product 
       add constraint FKihkcew7yf7k4lfrbyyuu1ma6p 
       foreign key (product_id) 
       references productos
2024-01-17T12:44:36.892-06:00 DEBUG 19132 --- [    Test worker] org.hibernate.SQL                        : 
    alter table if exists product_order 
       add constraint FK1lyaxdk4dopw38wma862eytrq 
       foreign key (fk_user_id) 
       references usuarios
2024-01-17T12:44:36.893-06:00 DEBUG 19132 --- [    Test worker] org.hibernate.SQL                        : 
    alter table if exists usuarios 
       add constraint FKlf6uycoq9td3bgl4lj8rpajma 
       foreign key (fk_role) 
       references role
2024-01-17T12:44:36.899-06:00  INFO 19132 --- [    Test worker] j.LocalContainerEntityManagerFactoryBean : Initialized JPA EntityManagerFactory for persistence unit 'default'
2024-01-17T12:44:37.458-06:00  WARN 19132 --- [    Test worker] JpaBaseConfiguration$JpaWebConfiguration : spring.jpa.open-in-view is enabled by default. Therefore, database queries may be performed during view rendering. Explicitly configure spring.jpa.open-in-view to disable this warning
2024-01-17T12:44:37.607-06:00  INFO 19132 --- [    Test worker] o.s.b.a.w.s.WelcomePageHandlerMapping    : Adding welcome page: class path resource [static/index.html]
2024-01-17T12:44:37.885-06:00  INFO 19132 --- [    Test worker] o.s.s.web.DefaultSecurityFilterChain     : Will secure any request with [org.springframework.security.web.session.DisableEncodeUrlFilter@197da701, org.springframework.security.web.context.request.async.WebAsyncManagerIntegrationFilter@35fd03d9, org.springframework.security.web.context.SecurityContextHolderFilter@41c56930, org.springframework.security.web.header.HeaderWriterFilter@3a0f5141, org.springframework.web.filter.CorsFilter@77737e3e, org.springframework.security.web.authentication.logout.LogoutFilter@700596f9, org.generation.app.security.jwt.JWTAuthorizationFilter@21457b14, org.generation.app.security.jwt.JWTAuthenticationFilter@42e32feb, org.springframework.security.web.authentication.www.BasicAuthenticationFilter@33f3ebfc, org.springframework.security.web.savedrequest.RequestCacheAwareFilter@2898c70d, org.springframework.security.web.servletapi.SecurityContextHolderAwareRequestFilter@ec67be1, org.springframework.security.web.authentication.AnonymousAuthenticationFilter@3652dd19, org.springframework.security.web.session.SessionManagementFilter@3b446d7, org.springframework.security.web.access.ExceptionTranslationFilter@113a89c5, org.springframework.security.web.access.intercept.AuthorizationFilter@509e0253]
2024-01-17T12:44:38.275-06:00  INFO 19132 --- [    Test worker] o.g.app.Sp3EcommerceApplicationTests     : Started Sp3EcommerceApplicationTests in 4.421 seconds (process running for 5.457)
]]></system-out>
  <system-err><![CDATA[]]></system-err>
</testsuite>
